==============================================================================
  DIAGNOSTIC: SECOND-LOCKER field map (Track B) + reachable-range
  gain-sign sampling (Track A piggyback)
  corpus v1.1.0 · bands v1 · epochs=8 · steps=500 · seeds=[42, 7, 11] · eval-mode (Decision 1)
==============================================================================
  s42  canonical  control    coh=0.9717 id=0.9986 effR=  6.52 pc_min=0.5 dwell= 125.0 manip=0
  s42  canonical  pretrained coh=0.9728 id=0.9984 effR=  2.42 pc_min=0.5 dwell= 125.0 manip=0
  s42  broad      control    coh=0.9713 id=0.9986 effR=  8.77 pc_min=0.5 dwell= 125.0 manip=0  baseline-dev:['active_values', 'strong_values']
  s42  broad      pretrained coh=0.9666 id=0.9978 effR=  2.69 pc_min=0.5 dwell= 125.0 manip=0  baseline-dev:['active_values', 'strong_values']
  s42  rhythm     control    coh=0.9735 id=0.9985 effR=  6.94 pc_min=0.5 dwell= 125.0 manip=0  baseline-dev:['strong_values']
  s42  rhythm     pretrained coh=0.9737 id=0.9974 effR=  2.54 pc_min=0.5 dwell= 125.0 manip=0
  s42  entry      control    coh=0.9682 id=0.9982 effR=  6.11 pc_min=0.5 dwell= 125.0 manip=0
  s42  entry      pretrained coh=0.9732 id=0.9982 effR=  1.84 pc_min=0.5 dwell= 125.0 manip=0
  s42  mixed      control    coh=0.9700 id=0.9986 effR=  8.41 pc_min=0.5 dwell= 125.0 manip=0  baseline-dev:['active_values', 'strong_values']
  s42  mixed      pretrained coh=0.9733 id=0.9976 effR=  2.37 pc_min=0.5 dwell= 125.0 manip=0  baseline-dev:['strong_values']
  s7   canonical  control    coh=0.9685 id=0.9989 effR=  5.33 pc_min=0.5 dwell= 125.0 manip=0
  s7   canonical  pretrained coh=0.9739 id=0.9990 effR=  2.58 pc_min=0.5 dwell= 125.0 manip=0
  s7   broad      control    coh=0.9695 id=0.9985 effR=  9.19 pc_min=0.5 dwell= 125.0 manip=0  baseline-dev:['active_values', 'strong_values']
  s7   broad      pretrained coh=0.9735 id=0.9987 effR=  2.77 pc_min=0.5 dwell= 125.0 manip=0  baseline-dev:['active_values', 'strong_values']
  s7   rhythm     control    coh=0.9684 id=0.9985 effR=  6.30 pc_min=0.5 dwell= 125.0 manip=0
  s7   rhythm     pretrained coh=0.9700 id=0.9982 effR=  3.00 pc_min=0.5 dwell= 125.0 manip=0  baseline-dev:['strong_values']
  s7   entry      control    coh=0.9689 id=0.9988 effR=  5.46 pc_min=0.5 dwell= 125.0 manip=0
  s7   entry      pretrained coh=0.9750 id=0.9985 effR=  2.27 pc_min=0.5 dwell= 125.0 manip=0
  s7   mixed      control    coh=0.9701 id=0.9987 effR=  9.23 pc_min=0.5 dwell= 125.0 manip=0  baseline-dev:['active_values', 'strong_values']
  s7   mixed      pretrained coh=0.9707 id=0.9983 effR=  2.77 pc_min=0.5 dwell= 125.0 manip=0  baseline-dev:['active_values', 'strong_values']
  s11  canonical  control    coh=0.9699 id=0.9990 effR=  5.12 pc_min=0.5 dwell= 125.0 manip=0
  s11  canonical  pretrained coh=0.9758 id=0.9987 effR=  1.61 pc_min=0.5 dwell= 125.0 manip=0
  s11  broad      control    coh=0.9689 id=0.9989 effR=  8.95 pc_min=0.5 dwell= 125.0 manip=0  baseline-dev:['active_values', 'strong_values']
  s11  broad      pretrained coh=0.9725 id=0.9979 effR=  2.46 pc_min=0.5 dwell= 125.0 manip=0  baseline-dev:['active_values', 'strong_values']
  s11  rhythm     control    coh=0.9719 id=0.9983 effR=  5.61 pc_min=0.5 dwell= 125.0 manip=0  baseline-dev:['strong_values']
  s11  rhythm     pretrained coh=0.9696 id=0.9982 effR=  2.19 pc_min=0.5 dwell= 125.0 manip=0  baseline-dev:['strong_values']
  s11  entry      control    coh=0.9723 id=0.9991 effR=  4.41 pc_min=0.5 dwell= 125.0 manip=0
  s11  entry      pretrained coh=0.9756 id=0.9976 effR=  2.19 pc_min=0.5 dwell= 125.0 manip=0
  s11  mixed      control    coh=0.9700 id=0.9986 effR=  7.21 pc_min=0.5 dwell= 125.0 manip=0  baseline-dev:['active_values', 'strong_values']
  s11  mixed      pretrained coh=0.9752 id=0.9981 effR=  2.06 pc_min=0.5 dwell= 125.0 manip=0  baseline-dev:['active_values', 'strong_values']
------------------------------------------------------------------------------
  canonical  -> pinned (lock holds)
  broad      -> pinned (lock holds)
  rhythm     -> pinned (lock holds)
  entry      -> pinned (lock holds)
  mixed      -> pinned (lock holds)
  VERDICT: SECOND-LOCKER GENERALIZES — seed-, band-, regime-invariant.
  Tier 4.3 chaotic regime: still unreached in every cell
  identity rail: 0 cell(s) below 0.95
------------------------------------------------------------------------------
  §6.3 gain-sign (reachable range, real field states, real probe vecs):
  coherence levels reached: [0.990, 1.000] (n=570)
    [0.00,0.50) — unreachable (no samples)
    [0.50,0.70) — unreachable (no samples)
    [0.70,0.85) — unreachable (no samples)
    [0.85,0.95) — unreachable (no samples)
    [0.95,1.01) n=570  recent=-0.01607 novel=-0.01606 anti=-0.01605 -> NEG (restoring)
  raw matrix written: docs/findings/logs/2026-06-12-secondlocker-field-map.json
==============================================================================
