========================================================================
  DIAGNOSTIC: value polarity flow over 500 steps
========================================================================

Births:      46 new values formed
Deaths:      0 values dissolved
Net change:  46

Polarity transitions (X → Y → count):
  ↑ active     → strong        2
  ↓ active     → weak          4
  ↑ emergent   → weak         60
  ↑ weak       → active       25
  ↓ weak       → emergent     14

  Upward transitions:   87
  Downward transitions: 18

Polarity distribution over time:
   step | emerg  weak  actv  strg  core  diss
  --------------------------------------------------
      0 |     3     0     0     0     0     0
     25 |    35     0     0     0     0     0
     50 |    43     0     0     0     0     0
     75 |    46     0     0     0     0     0
    100 |    46     0     0     0     0     0
    125 |    42     4     0     0     0     0
    150 |    38     8     0     0     0     0
    175 |    31    15     0     0     0     0
    200 |    31    15     0     0     0     0
    225 |    28    18     0     0     0     0
    250 |    17    29     0     0     0     0
    275 |    14    30     2     0     0     0
    300 |    11    30     5     0     0     0
    325 |     6    35     5     0     0     0
    350 |     6    35     5     0     0     0
    375 |     9    32     5     0     0     0
    400 |     6    31     8     1     0     0
    425 |     3    32    10     1     0     0
    450 |     3    28    14     1     0     0
    475 |     0    31    13     2     0     0

Interpretation:
  ✓ Net growth — values are forming and progressing
  ℹ No CORE values yet (typically requires longer runs to satisfy
    the 10-consecutive-eligible-step rule)
